timestamp: 2025-11-19T22:55:41.380988
CREATE TABLE "auth_user"(
    "id" INTEGER PRIMARY KEY AUTOINCREMENT,
    "username" CHAR(512) UNIQUE,
    "email" CHAR(512) UNIQUE,
    "password" CHAR(512),
    "first_name" CHAR(512),
    "last_name" CHAR(512),
    "sso_id" CHAR(512),
    "action_token" CHAR(512),
    "last_password_change" TIMESTAMP,
    "past_passwords_hash" TEXT
);
success!
timestamp: 2025-11-19T22:55:41.478639
CREATE TABLE "auth_user_tag_groups"(
    "id" INTEGER PRIMARY KEY AUTOINCREMENT,
    "tagpath" CHAR(512),
    "record_id" INTEGER REFERENCES "auth_user" ("id") ON DELETE CASCADE ON UPDATE CASCADE  
);
success!
timestamp: 2025-12-26T03:10:49.580065
CREATE TABLE "clients"(
    "id" INTEGER PRIMARY KEY AUTOINCREMENT,
    "nom" CHAR(512),
    "email" CHAR(512),
    "telephone" CHAR(512),
    "checkin" DATE,
    "checkout" DATE,
    "cb" CHAR(512),
    "created_on" TIMESTAMP
);
success!
timestamp: 2025-12-26T21:02:09.006349
ALTER TABLE "clients" ADD "signed" CHAR(1);
success!
timestamp: 2025-12-30T18:17:10.394427
ALTER TABLE "clients" ADD "active" CHAR(1);
success!
